<?xml version="1.0" encoding="utf-8"?><testsuites><testsuite name="pytest" errors="0" failures="0" skipped="1" tests="19" time="0.630" timestamp="2025-11-11T03:08:50.401529" hostname="6227e13c697b"><testcase classname="tests.test_api_endpoints.TestHealthEndpoints" name="test_root_endpoint" time="0.194" /><testcase classname="tests.test_api_endpoints.TestAskEndpoint" name="test_ask_missing_prompt" time="0.022" /><testcase classname="tests.test_api_endpoints.TestEmbedEndpoint" name="test_embed_missing_text" time="0.024" /><testcase classname="tests.test_api_endpoints.TestSearchEndpoint" name="test_search_no_results" time="0.042"><skipped type="pytest.skip" message="⚠ Skipping because httpx client was closed during teardown">/app/tests/test_api_endpoints.py:59: ⚠ Skipping because httpx client was closed during teardown</skipped></testcase><testcase classname="tests.test_models.TestAskRequest" name="test_valid_request" time="0.001" /><testcase classname="tests.test_models.TestAskRequest" name="test_missing_prompt" time="0.002" /><testcase classname="tests.test_models.TestEmbedRequest" name="test_valid_request" time="0.001" /><testcase classname="tests.test_models.TestEmbedRequest" name="test_empty_text" time="0.001" /><testcase classname="tests.test_models.TestSearchRequest" name="test_valid_request" time="0.001" /><testcase classname="tests.test_models.TestSearchRequest" name="test_default_top_k" time="0.001" /><testcase classname="tests.test_models.TestRAGRequest" name="test_valid_request_full" time="0.001" /><testcase classname="tests.test_models.TestRAGRequest" name="test_default_values" time="0.001" /><testcase classname="tests.test_models.TestRAGRequest" name="test_various_combinations[What is AI?-3-docs]" time="0.001" /><testcase classname="tests.test_models.TestRAGRequest" name="test_various_combinations[Who is Alice?-5-alice]" time="0.002" /><testcase classname="tests.test_models.TestRAGRequest" name="test_various_combinations[Test query-None-None]" time="0.001" /><testcase classname="tests.test_rag_services.TestGetEmbedding" name="test_get_embedding_success" time="0.005" /><testcase classname="tests.test_rag_services.TestGetEmbedding" name="test_get_embedding_empty_response" time="0.004" /><testcase classname="tests.test_rag_services.TestGenerateRAGAnswer" name="test_rag_pipeline_no_results" time="0.007" /><testcase classname="tests.test_rag_services.TestGenerateRAGAnswer" name="test_rag_pipeline_empty_query" time="0.002" /></testsuite></testsuites>